2022-02-15 16:34:14 INFO  root:104 - ec.edu.uce.modelo.Doctor@66abb2fa
2022-02-15 16:43:11 INFO  root:104 - org.hibernate.LazyInitializationException: failed to lazily initialize a collection of role: ec.edu.uce.modelo.Doctor.citas, could not initialize proxy - no Session
2022-02-15 16:44:24 INFO  root:104 - org.hibernate.LazyInitializationException: failed to lazily initialize a collection of role: ec.edu.uce.modelo.Doctor.citas, could not initialize proxy - no Session
2022-02-15 16:45:51 INFO  root:104 - Doctor [id=2, cedula=1784556666, nombre=Patricia, apellido=Hernandez, fechaNacimiento=1977-12-08T10:30, numeroConsultorio=50C, genero=Masculino]
2022-02-15 16:48:04 INFO  root:104 - Doctor [id=1, cedula=1784556666, nombre=Juan, apellido=Perez, fechaNacimiento=1977-12-08T10:30, numeroConsultorio=89L, genero=Masculino]
2022-02-15 17:04:50 INFO  root:104 - Paciente [id=28, cedula=17509985874, nombre=Jorge, apellido=Moncayo, fechaNacimiento=1977-12-08T10:30, codigoSeguro=69452HU, estatura=170.3, peso=80.5, genero=Masculino]
2022-02-15 17:37:19 WARN  root:52 - No se ha podido generar cita
2022-02-15 17:37:58 WARN  root:52 - No se ha podido generar cita
2022-02-15 17:43:42 INFO  root:24 - Paciente insertado: Paciente [id=33, cedula=17509985874, nombre=Jorge, apellido=Moncayo, fechaNacimiento=1977-12-08T10:30, codigoSeguro=6987HU, estatura=170.3, peso=80.5, genero=Masculino]
2022-02-15 17:43:42 INFO  root:24 - Paciente insertado: Paciente [id=34, cedula=1750958874, nombre=Joss, apellido=Almagro, fechaNacimiento=1999-12-08T10:30, codigoSeguro=58949B, estatura=155.3, peso=55.5, genero=Femenino]
2022-02-15 17:43:42 INFO  root:26 - Doctor insertado: Doctor [id=29, cedula=1784556666, nombre=Juan, apellido=Ramirez, fechaNacimiento=1977-12-08T10:30, numeroConsultorio=50C, genero=Masculino]
2022-02-15 17:43:42 INFO  root:26 - Doctor insertado: Doctor [id=30, cedula=1784556666, nombre=Patricia, apellido=Hernandez, fechaNacimiento=1999-12-08T10:30, numeroConsultorio=50D, genero=Femenino]
2022-02-15 17:43:42 INFO  root:37 - Doctor actualizado: Doctor [id=1, cedula=1784556666, nombre=Juan, apellido=Perez, fechaNacimiento=1977-12-08T10:30, numeroConsultorio=89L, genero=Masculino]
2022-02-15 17:43:42 INFO  root:36 - Paciente actualizado: Paciente [id=4, cedula=17509985874, nombre=Jorge, apellido=Moncayo, fechaNacimiento=1977-12-08T10:30, codigoSeguro=58949CF, estatura=170.3, peso=90.5, genero=Masculino]
2022-02-15 17:43:43 INFO  root:23 - Cita insertada: CitaMedica [id=3, numero=1258P, fechaCita=2022-12-08T10:30, valorCita=23.4079999999999983155696270387125031801532749407018651688285222622898373856514808721840381622314453125, lugar=Santa Rita, receta=null, fechaProximaCita=null]
2022-02-15 19:46:25 INFO  root:25 - Cita insertada: CitaMedica [id=4, numero=1258P, fechaCita=2022-12-08T10:30, valorCita=23.4079999999999983155696270387125031801532749407018651688285222622898373856514808721840381622314453125, lugar=Santa Rita, receta=null, fechaProximaCita=null]
2022-02-15 19:47:11 INFO  root:25 - Cita insertada: CitaMedica [id=5, numero=12P, fechaCita=2022-12-08T10:30, valorCita=23.4079999999999983155696270387125031801532749407018651688285222622898373856514808721840381622314453125, lugar=Santa Rita, receta=null, fechaProximaCita=null]
2022-02-15 19:48:45 INFO  root:37 - Cita actualizada: CitaMedica [id=5, numero=12P, fechaCita=2022-12-08T10:30, valorCita=23.41, lugar=Santa Rita, receta=Paracetamol, fechaProximaCita=2023-12-08T10:30]
2022-02-18 11:51:10 DEBUG root:28 - Paciente insertado: Paciente [id=35, cedula=17509985874, nombre=Jorge, apellido=Moncayo, fechaNacimiento=1977-01-15T10:30, codigoSeguro=6987HU, estatura=170.3, peso=80.5, genero=Masculino]
2022-02-18 11:51:10 DEBUG root:28 - Paciente insertado: Paciente [id=36, cedula=17145987548, nombre=José, apellido=Almagro, fechaNacimiento=1999-12-08T10:30, codigoSeguro=5485, estatura=155.3, peso=55.5, genero=Femenino]
2022-02-18 11:51:10 DEBUG root:24 - Doctor insertado: Doctor [id=31, cedula=1784556666, nombre=Juan, apellido=Ramirez, fechaNacimiento=1980-09-08T10:30, numeroConsultorio=5034C, codigoSenescyt=null, genero=Masculino]
2022-02-18 11:51:10 DEBUG root:24 - Doctor insertado: Doctor [id=32, cedula=1784556666, nombre=Patricia, apellido=Hernandez, fechaNacimiento=1975-12-20T10:30, numeroConsultorio=5023D, codigoSenescyt=null, genero=Femenino]
2022-02-18 11:51:10 INFO  root:35 - Doctor actualizado: Doctor [id=1, cedula=1784556666, nombre=Juan, apellido=Perez, fechaNacimiento=1980-09-08T10:30, numeroConsultorio=89L, codigoSenescyt=null, genero=Masculino]
2022-02-18 11:51:10 INFO  root:40 - Paciente actualizado: Paciente [id=4, cedula=17509985874, nombre=Jorge, apellido=Moncayo, fechaNacimiento=1977-01-15T10:30, codigoSeguro=58949CF, estatura=170.3, peso=90.5, genero=Masculino]
2022-02-18 12:27:03 DEBUG root:24 - Doctor insertado: Doctor [id=34, cedula=17509875689, nombre=Pedro, apellido=Ramirez, fechaNacimiento=1980-09-08T10:30, numeroConsultorio=5034C, codigoSenescyt=null, genero=Masculino]
2022-02-18 12:32:29 DEBUG root:28 - Cita insertada: CitaMedica [id=6, numero=12P, fechaCita=2021-01-15T10:30, valorCita=20.89999999999999857891452847979962825775146484375, lugar=Santa Rita, diagnostico=null, receta=null, fechaProximaCita=null]
2022-02-18 12:32:29 INFO  root:40 - Cita actualizada: CitaMedica [id=6, numero=12P, fechaCita=2021-01-15T10:30, valorCita=20.90, lugar=Santa Rita, diagnostico=Gripe, receta=Paracetamol, fechaProximaCita=2023-12-08T10:30]
2022-02-18 12:35:08 DEBUG root:28 - Cita insertada: CitaMedica [id=7, numero=12877C, fechaCita=2021-01-15T10:30, valorCita=20.89999999999999857891452847979962825775146484375, lugar=Santa Rita, diagnostico=null, receta=null, fechaProximaCita=null]
2022-02-18 12:35:08 INFO  root:40 - Cita actualizada: CitaMedica [id=6, numero=12P, fechaCita=2021-01-15T10:30, valorCita=20.90, lugar=Santa Rita, diagnostico=Gripe, receta=Paracetamol, fechaProximaCita=2023-12-08T10:30]
2022-02-18 12:38:08 DEBUG root:28 - Cita insertada: CitaMedica [id=8, numero=128C, fechaCita=2021-01-15T10:30, valorCita=20.89999999999999857891452847979962825775146484375, lugar=Santa Rita, diagnostico=null, receta=null, fechaProximaCita=null]
2022-02-18 12:38:08 INFO  root:40 - Cita actualizada: CitaMedica [id=6, numero=12P, fechaCita=2021-01-15T10:30, valorCita=20.90, lugar=Santa Rita, diagnostico=Gripe, receta=Paracetamol, fechaProximaCita=2023-12-08T10:30]
2022-02-18 12:38:08 DEBUG root:61 - Numero de pacientes: 2
2022-02-18 12:38:08 INFO  root:63 - CitaMedicaSencilla [cedula=17509985874, nombre=Jorge, fechaNacimiento=1977-01-15T10:30, genero=Masculino]
2022-02-18 12:38:08 INFO  root:63 - CitaMedicaSencilla [cedula=17509985874, nombre=Jorge, fechaNacimiento=1977-01-15T10:30, genero=Masculino]
